2022-05-30 11:55:46,665 [1] DEBUG LibriSelfCheckoutPOS.App - Initialising ...
2022-05-30 11:55:49,452 [1] DEBUG LibriSelfCheckoutPOS.App - E
2022-05-30 11:55:49,669 [1] DEBUG LibriSelfCheckoutPOS.App - EReturn
2022-05-30 11:55:49,866 [1] DEBUG LibriSelfCheckoutPOS.App - E
2022-05-30 11:55:49,989 [1] DEBUG LibriSelfCheckoutPOS.App - EReturn
2022-05-30 11:55:50,149 [1] DEBUG LibriSelfCheckoutPOS.App - Return
2022-05-30 11:55:50,261 [1] DEBUG LibriSelfCheckoutPOS.App - E
2022-05-30 11:55:50,405 [1] DEBUG LibriSelfCheckoutPOS.App - EReturn
2022-05-30 11:55:50,565 [1] DEBUG LibriSelfCheckoutPOS.App - D2
2022-05-30 11:55:50,805 [1] DEBUG LibriSelfCheckoutPOS.App - D2Return
2022-05-30 11:55:50,996 [1] DEBUG LibriSelfCheckoutPOS.App - Return
2022-05-30 11:55:51,108 [1] DEBUG LibriSelfCheckoutPOS.App - E
2022-05-30 11:55:51,301 [1] DEBUG LibriSelfCheckoutPOS.App - EReturn
2022-05-30 11:55:51,525 [1] DEBUG LibriSelfCheckoutPOS.App - E
2022-05-30 11:55:51,669 [1] DEBUG LibriSelfCheckoutPOS.App - EE
2022-05-30 11:55:51,813 [1] DEBUG LibriSelfCheckoutPOS.App - EEE
2022-05-30 11:55:51,960 [1] DEBUG LibriSelfCheckoutPOS.App - EEEE
2022-05-30 11:55:52,100 [1] DEBUG LibriSelfCheckoutPOS.App - EEEEE
2022-05-30 11:55:52,148 [1] DEBUG LibriSelfCheckoutPOS.App - EEEEEReturn
2022-05-30 11:55:52,501 [1] DEBUG LibriSelfCheckoutPOS.App - D3
2022-05-30 11:55:52,629 [1] DEBUG LibriSelfCheckoutPOS.App - D3D3
2022-05-30 11:55:52,757 [1] DEBUG LibriSelfCheckoutPOS.App - D3D3D3
2022-05-30 11:55:52,789 [1] DEBUG LibriSelfCheckoutPOS.App - D3D3D3Return
2022-05-30 11:55:53,191 [1] DEBUG LibriSelfCheckoutPOS.App - System
2022-05-30 11:55:53,270 [1] DEBUG LibriSelfCheckoutPOS.App - SystemSystem
2022-05-30 13:02:14,065 [1] DEBUG LibriSelfCheckoutPOS.App - Initialising ...
2022-05-30 13:02:17,936 [1] DEBUG LibriSelfCheckoutPOS.App - D2
2022-05-30 13:02:18,024 [1] DEBUG LibriSelfCheckoutPOS.App - D2Return
2022-05-30 13:02:18,363 [1] DEBUG LibriSelfCheckoutPOS.App - D3
2022-05-30 13:02:18,488 [1] DEBUG LibriSelfCheckoutPOS.App - D3Return
2022-05-30 13:02:18,746 [1] DEBUG LibriSelfCheckoutPOS.App - D4
2022-05-30 13:02:18,952 [1] DEBUG LibriSelfCheckoutPOS.App - D4Return
2022-05-30 13:02:19,065 [1] DEBUG LibriSelfCheckoutPOS.App - D2
2022-05-30 13:02:19,161 [1] DEBUG LibriSelfCheckoutPOS.App - D2D3
2022-05-30 13:02:19,274 [1] DEBUG LibriSelfCheckoutPOS.App - D2D3D2
2022-05-30 13:02:19,593 [1] DEBUG LibriSelfCheckoutPOS.App - D2D3D2D2
2022-05-30 13:02:19,644 [1] DEBUG LibriSelfCheckoutPOS.App - D2D3D2D2D3
2022-05-30 13:02:19,864 [1] DEBUG LibriSelfCheckoutPOS.App - D2D3D2D2D3Return
2022-05-30 13:02:20,441 [1] DEBUG LibriSelfCheckoutPOS.App - System
2022-05-30 13:02:20,585 [1] DEBUG LibriSelfCheckoutPOS.App - SystemSystem
2022-05-30 13:08:20,191 [1] DEBUG LibriSelfCheckoutPOS.App - Initialising ...
2022-05-30 13:08:29,363 [1] DEBUG LibriSelfCheckoutPOS.App - Initialising ...
2022-05-30 13:08:31,635 [1] DEBUG LibriSelfCheckoutPOS.App - 2
2022-05-30 13:08:31,778 [1] DEBUG LibriSelfCheckoutPOS.App - 2Return
2022-05-30 13:08:32,625 [1] DEBUG LibriSelfCheckoutPOS.App - 3
2022-05-30 13:08:33,027 [1] DEBUG LibriSelfCheckoutPOS.App - 34
2022-05-30 13:08:33,505 [1] DEBUG LibriSelfCheckoutPOS.App - 34Return
2022-05-30 13:08:33,970 [1] DEBUG LibriSelfCheckoutPOS.App - 2
2022-05-30 13:08:34,291 [1] DEBUG LibriSelfCheckoutPOS.App - 2Return
2022-05-30 13:08:34,771 [1] DEBUG LibriSelfCheckoutPOS.App - 1
2022-05-30 13:08:34,930 [1] DEBUG LibriSelfCheckoutPOS.App - 12
2022-05-30 13:08:35,059 [1] DEBUG LibriSelfCheckoutPOS.App - 123
2022-05-30 13:08:35,235 [1] DEBUG LibriSelfCheckoutPOS.App - 123Return
2022-05-30 13:08:35,986 [1] DEBUG LibriSelfCheckoutPOS.App - 5
2022-05-30 13:08:36,149 [1] DEBUG LibriSelfCheckoutPOS.App - 55
2022-05-30 13:08:36,290 [1] DEBUG LibriSelfCheckoutPOS.App - 555
2022-05-30 13:08:36,642 [1] DEBUG LibriSelfCheckoutPOS.App - 555Return
2022-05-30 13:08:37,188 [1] DEBUG LibriSelfCheckoutPOS.App - 2
2022-05-30 13:08:37,347 [1] DEBUG LibriSelfCheckoutPOS.App - 22
2022-05-30 13:08:37,474 [1] DEBUG LibriSelfCheckoutPOS.App - 223
2022-05-30 13:08:37,602 [1] DEBUG LibriSelfCheckoutPOS.App - 223Return
2022-05-30 13:08:38,051 [1] DEBUG LibriSelfCheckoutPOS.App - System
2022-05-30 13:08:38,197 [1] DEBUG LibriSelfCheckoutPOS.App - SystemSystem
2022-05-30 13:09:56,833 [1] DEBUG LibriSelfCheckoutPOS.App - Initialising ...
2022-05-30 13:09:59,702 [1] DEBUG LibriSelfCheckoutPOS.App - 2
2022-05-30 13:10:00,090 [1] DEBUG LibriSelfCheckoutPOS.App - 41275: 73354;2;;MIESKO 1DB KAVE;0;0;0;69;0;0;0;0;0;0;0
2022-05-30 13:10:00,091 [1] DEBUG LibriSelfCheckoutPOS.App - {MIESKO 1DB KAVE, 73354, 596910}
2022-05-30 13:10:00,098 [1] DEBUG LibriSelfCheckoutPOS.App - 
2022-05-30 13:10:00,781 [1] DEBUG LibriSelfCheckoutPOS.App - 3
2022-05-30 13:10:00,931 [1] DEBUG LibriSelfCheckoutPOS.App - 38628: 70706;3;;TOJAS 1 30-DB-OS "L";0;0;0;47;0;0;0;0;0;0;0
2022-05-30 13:10:00,932 [1] DEBUG LibriSelfCheckoutPOS.App - {MIESKO 1DB KAVE, 73354, 596910, TOJAS 1 30-DB-OS "L", 70706, 374710}
2022-05-30 13:10:00,936 [1] DEBUG LibriSelfCheckoutPOS.App - 
2022-05-30 13:10:01,694 [1] DEBUG LibriSelfCheckoutPOS.App - 2
2022-05-30 13:10:01,776 [1] DEBUG LibriSelfCheckoutPOS.App - 23
2022-05-30 13:10:02,084 [1] DEBUG LibriSelfCheckoutPOS.App - 
2022-05-30 13:10:02,495 [1] DEBUG LibriSelfCheckoutPOS.App - 4
2022-05-30 13:10:02,723 [1] DEBUG LibriSelfCheckoutPOS.App - 
2022-05-30 13:10:02,879 [1] DEBUG LibriSelfCheckoutPOS.App - 2
2022-05-30 13:10:02,883 [1] DEBUG LibriSelfCheckoutPOS.App - 23
2022-05-30 13:10:03,028 [1] DEBUG LibriSelfCheckoutPOS.App - 
2022-05-30 13:10:03,086 [1] DEBUG LibriSelfCheckoutPOS.App - 2
2022-05-30 13:10:03,231 [1] DEBUG LibriSelfCheckoutPOS.App - 41275: 73354;2;;MIESKO 1DB KAVE;0;0;0;69;0;0;0;0;0;0;0
2022-05-30 13:10:03,231 [1] DEBUG LibriSelfCheckoutPOS.App - {MIESKO 1DB KAVE, 73354, 596910, TOJAS 1 30-DB-OS "L", 70706, 374710, MIESKO 1DB KAVE, 73354, 596910}
2022-05-30 13:10:03,235 [1] DEBUG LibriSelfCheckoutPOS.App - 
2022-05-30 13:10:03,246 [1] DEBUG LibriSelfCheckoutPOS.App - 2
2022-05-30 13:10:03,744 [1] DEBUG LibriSelfCheckoutPOS.App - 41275: 73354;2;;MIESKO 1DB KAVE;0;0;0;69;0;0;0;0;0;0;0
2022-05-30 13:10:03,744 [1] DEBUG LibriSelfCheckoutPOS.App - {MIESKO 1DB KAVE, 73354, 596910, TOJAS 1 30-DB-OS "L", 70706, 374710, MIESKO 1DB KAVE, 73354, 596910, MIESKO 1DB KAVE, 73354, 596910}
2022-05-30 13:10:03,748 [1] DEBUG LibriSelfCheckoutPOS.App - 
2022-05-30 13:10:04,174 [1] DEBUG LibriSelfCheckoutPOS.App - 9
2022-05-30 13:10:04,308 [1] DEBUG LibriSelfCheckoutPOS.App - 
2022-05-30 13:10:04,654 [1] DEBUG LibriSelfCheckoutPOS.App - 8
2022-05-30 13:10:04,768 [1] DEBUG LibriSelfCheckoutPOS.App - 42613: 74692;8;;TUTTI FORRO CSOKOLADE 25G;0;0;0;59;0;0;0;0;0;0;0
2022-05-30 13:10:04,769 [1] DEBUG LibriSelfCheckoutPOS.App - {MIESKO 1DB KAVE, 73354, 596910, TOJAS 1 30-DB-OS "L", 70706, 374710, MIESKO 1DB KAVE, 73354, 596910, MIESKO 1DB KAVE, 73354, 596910, TUTTI FORRO CSOKOLADE 25G, 74692, 495910}
2022-05-30 13:10:04,771 [1] DEBUG LibriSelfCheckoutPOS.App - 
2022-05-30 13:10:05,391 [1] DEBUG LibriSelfCheckoutPOS.App - E
2022-05-30 13:10:05,438 [1] DEBUG LibriSelfCheckoutPOS.App - ER
2022-05-30 13:10:05,540 [1] DEBUG LibriSelfCheckoutPOS.App - ERW
2022-05-30 13:10:05,582 [1] DEBUG LibriSelfCheckoutPOS.App - ERWE
2022-05-30 13:10:05,614 [1] DEBUG LibriSelfCheckoutPOS.App - ERWER
2022-05-30 13:10:05,694 [1] DEBUG LibriSelfCheckoutPOS.App - ERWERW
2022-05-30 13:10:05,710 [1] DEBUG LibriSelfCheckoutPOS.App - ERWERWE
2022-05-30 13:10:05,742 [1] DEBUG LibriSelfCheckoutPOS.App - ERWERWER
2022-05-30 13:10:06,031 [1] DEBUG LibriSelfCheckoutPOS.App - ERWERWER2
2022-05-30 13:10:06,046 [1] DEBUG LibriSelfCheckoutPOS.App - ERWERWER23
2022-05-30 13:10:06,143 [1] DEBUG LibriSelfCheckoutPOS.App - ERWERWER233
2022-05-30 13:10:06,243 [1] DEBUG LibriSelfCheckoutPOS.App - ERWERWER2332
2022-05-30 13:10:06,307 [1] DEBUG LibriSelfCheckoutPOS.App - ERWERWER23323
2022-05-30 13:10:06,453 [1] DEBUG LibriSelfCheckoutPOS.App - 
2022-05-30 13:10:07,039 [1] DEBUG LibriSelfCheckoutPOS.App - System
2022-05-30 13:10:07,199 [1] DEBUG LibriSelfCheckoutPOS.App - SystemSystem
2022-05-30 13:21:24,866 [1] DEBUG LibriSelfCheckoutPOS.App - Initialising ...
2022-05-30 13:21:28,845 [1] DEBUG LibriSelfCheckoutPOS.App - 2
2022-05-30 13:21:28,947 [1] DEBUG LibriSelfCheckoutPOS.App - 41275: 73354;2;;MIESKO 1DB KAVE;0;0;0;69;0;0;0;0;0;0;0
2022-05-30 13:21:28,949 [1] DEBUG LibriSelfCheckoutPOS.App - {MIESKO 1DB KAVE, 73354, 596910}
2022-05-30 13:21:28,954 [1] DEBUG LibriSelfCheckoutPOS.App - 
2022-05-30 13:21:29,515 [1] DEBUG LibriSelfCheckoutPOS.App - 3
2022-05-30 13:21:29,628 [1] DEBUG LibriSelfCheckoutPOS.App - 38628: 70706;3;;TOJAS 1 30-DB-OS "L";0;0;0;47;0;0;0;0;0;0;0
2022-05-30 13:21:29,628 [1] DEBUG LibriSelfCheckoutPOS.App - {MIESKO 1DB KAVE, 73354, 596910, TOJAS 1 30-DB-OS "L", 70706, 374710}
2022-05-30 13:21:29,633 [1] DEBUG LibriSelfCheckoutPOS.App - 
2022-05-30 13:21:30,219 [1] DEBUG LibriSelfCheckoutPOS.App - 2
2022-05-30 13:21:30,332 [1] DEBUG LibriSelfCheckoutPOS.App - 41275: 73354;2;;MIESKO 1DB KAVE;0;0;0;69;0;0;0;0;0;0;0
2022-05-30 13:21:30,332 [1] DEBUG LibriSelfCheckoutPOS.App - {MIESKO 1DB KAVE, 73354, 596910, TOJAS 1 30-DB-OS "L", 70706, 374710, MIESKO 1DB KAVE, 73354, 596910}
2022-05-30 13:21:30,336 [1] DEBUG LibriSelfCheckoutPOS.App - 
2022-05-30 13:21:30,700 [1] DEBUG LibriSelfCheckoutPOS.App - 2
2022-05-30 13:21:30,796 [1] DEBUG LibriSelfCheckoutPOS.App - 41275: 73354;2;;MIESKO 1DB KAVE;0;0;0;69;0;0;0;0;0;0;0
2022-05-30 13:21:30,796 [1] DEBUG LibriSelfCheckoutPOS.App - {MIESKO 1DB KAVE, 73354, 596910, TOJAS 1 30-DB-OS "L", 70706, 374710, MIESKO 1DB KAVE, 73354, 596910, MIESKO 1DB KAVE, 73354, 596910}
2022-05-30 13:21:30,801 [1] DEBUG LibriSelfCheckoutPOS.App - 
2022-05-30 13:21:31,115 [1] DEBUG LibriSelfCheckoutPOS.App - 2
2022-05-30 13:21:31,215 [1] DEBUG LibriSelfCheckoutPOS.App - 41275: 73354;2;;MIESKO 1DB KAVE;0;0;0;69;0;0;0;0;0;0;0
2022-05-30 13:21:31,215 [1] DEBUG LibriSelfCheckoutPOS.App - {MIESKO 1DB KAVE, 73354, 596910, TOJAS 1 30-DB-OS "L", 70706, 374710, MIESKO 1DB KAVE, 73354, 596910, MIESKO 1DB KAVE, 73354, 596910, MIESKO 1DB KAVE, 73354, 596910}
2022-05-30 13:21:31,219 [1] DEBUG LibriSelfCheckoutPOS.App - 
2022-05-30 13:21:32,539 [1] DEBUG LibriSelfCheckoutPOS.App - 8
2022-05-30 13:21:32,638 [1] DEBUG LibriSelfCheckoutPOS.App - 42613: 74692;8;;TUTTI FORRO CSOKOLADE 25G;0;0;0;59;0;0;0;0;0;0;0
2022-05-30 13:21:32,638 [1] DEBUG LibriSelfCheckoutPOS.App - {MIESKO 1DB KAVE, 73354, 596910, TOJAS 1 30-DB-OS "L", 70706, 374710, MIESKO 1DB KAVE, 73354, 596910, MIESKO 1DB KAVE, 73354, 596910, MIESKO 1DB KAVE, 73354, 596910, TUTTI FORRO CSOKOLADE 25G, 74692, 495910}
2022-05-30 13:21:32,641 [1] DEBUG LibriSelfCheckoutPOS.App - 
2022-05-30 13:21:33,051 [1] DEBUG LibriSelfCheckoutPOS.App - 7
2022-05-30 13:21:33,213 [1] DEBUG LibriSelfCheckoutPOS.App - 77
2022-05-30 13:21:33,376 [1] DEBUG LibriSelfCheckoutPOS.App - 
2022-05-30 13:21:33,614 [1] DEBUG LibriSelfCheckoutPOS.App - 7
2022-05-30 13:21:33,708 [1] DEBUG LibriSelfCheckoutPOS.App - 78
2022-05-30 13:21:33,899 [1] DEBUG LibriSelfCheckoutPOS.App - 788
2022-05-30 13:21:34,079 [1] DEBUG LibriSelfCheckoutPOS.App - 
2022-05-30 13:21:34,301 [1] DEBUG LibriSelfCheckoutPOS.App - 8
2022-05-30 13:21:34,365 [1] DEBUG LibriSelfCheckoutPOS.App - 42613: 74692;8;;TUTTI FORRO CSOKOLADE 25G;0;0;0;59;0;0;0;0;0;0;0
2022-05-30 13:21:34,365 [1] DEBUG LibriSelfCheckoutPOS.App - {MIESKO 1DB KAVE, 73354, 596910, TOJAS 1 30-DB-OS "L", 70706, 374710, MIESKO 1DB KAVE, 73354, 596910, MIESKO 1DB KAVE, 73354, 596910, MIESKO 1DB KAVE, 73354, 596910, TUTTI FORRO CSOKOLADE 25G, 74692, 495910, TUTTI FORRO CSOKOLADE 25G, 74692, 495910}
2022-05-30 13:21:34,368 [1] DEBUG LibriSelfCheckoutPOS.App - 
2022-05-30 13:21:34,527 [1] DEBUG LibriSelfCheckoutPOS.App - 
2022-05-30 13:21:34,527 [1] DEBUG LibriSelfCheckoutPOS.App - 8
2022-05-30 13:21:34,717 [1] DEBUG LibriSelfCheckoutPOS.App - 42613: 74692;8;;TUTTI FORRO CSOKOLADE 25G;0;0;0;59;0;0;0;0;0;0;0
2022-05-30 13:21:34,718 [1] DEBUG LibriSelfCheckoutPOS.App - {MIESKO 1DB KAVE, 73354, 596910, TOJAS 1 30-DB-OS "L", 70706, 374710, MIESKO 1DB KAVE, 73354, 596910, MIESKO 1DB KAVE, 73354, 596910, MIESKO 1DB KAVE, 73354, 596910, TUTTI FORRO CSOKOLADE 25G, 74692, 495910, TUTTI FORRO CSOKOLADE 25G, 74692, 495910, TUTTI FORRO CSOKOLADE 25G, 74692, 495910}
2022-05-30 13:21:34,720 [1] DEBUG LibriSelfCheckoutPOS.App - 
2022-05-30 13:21:34,891 [1] DEBUG LibriSelfCheckoutPOS.App - 8
2022-05-30 13:21:35,070 [1] DEBUG LibriSelfCheckoutPOS.App - 42613: 74692;8;;TUTTI FORRO CSOKOLADE 25G;0;0;0;59;0;0;0;0;0;0;0
2022-05-30 13:21:35,071 [1] DEBUG LibriSelfCheckoutPOS.App - {MIESKO 1DB KAVE, 73354, 596910, TOJAS 1 30-DB-OS "L", 70706, 374710, MIESKO 1DB KAVE, 73354, 596910, MIESKO 1DB KAVE, 73354, 596910, MIESKO 1DB KAVE, 73354, 596910, TUTTI FORRO CSOKOLADE 25G, 74692, 495910, TUTTI FORRO CSOKOLADE 25G, 74692, 495910, TUTTI FORRO CSOKOLADE 25G, 74692, 495910, TUTTI FORRO CSOKOLADE 25G, 74692, 495910}
2022-05-30 13:21:35,074 [1] DEBUG LibriSelfCheckoutPOS.App - 
2022-05-30 13:21:35,227 [1] DEBUG LibriSelfCheckoutPOS.App - 5
2022-05-30 13:21:35,435 [1] DEBUG LibriSelfCheckoutPOS.App - 58
2022-05-30 13:21:35,520 [1] DEBUG LibriSelfCheckoutPOS.App - 
2022-05-30 13:21:35,531 [1] DEBUG LibriSelfCheckoutPOS.App - 5
2022-05-30 13:21:35,643 [1] DEBUG LibriSelfCheckoutPOS.App - 58
2022-05-30 13:21:35,727 [1] DEBUG LibriSelfCheckoutPOS.App - 
2022-05-30 13:21:35,754 [1] DEBUG LibriSelfCheckoutPOS.App - 6
2022-05-30 13:21:35,867 [1] DEBUG LibriSelfCheckoutPOS.App - 68
2022-05-30 13:21:35,953 [1] DEBUG LibriSelfCheckoutPOS.App - 
2022-05-30 13:21:35,998 [1] DEBUG LibriSelfCheckoutPOS.App - 6
2022-05-30 13:21:36,155 [1] DEBUG LibriSelfCheckoutPOS.App - 67
2022-05-30 13:21:36,239 [1] DEBUG LibriSelfCheckoutPOS.App - 
2022-05-30 13:21:49,420 [1] DEBUG LibriSelfCheckoutPOS.App - System
2022-05-30 13:21:49,803 [1] DEBUG LibriSelfCheckoutPOS.App - SystemSystem
2022-05-30 13:30:59,134 [1] DEBUG LibriSelfCheckoutPOS.App - Initialising ...
2022-05-30 13:31:02,381 [1] DEBUG LibriSelfCheckoutPOS.App - 2
2022-05-30 13:45:41,867 [1] DEBUG LibriSelfCheckoutPOS.App - Initialising ...
2022-05-30 13:46:02,974 [1] DEBUG LibriSelfCheckoutPOS.App - Initialising ...
2022-05-30 13:46:05,360 [1] DEBUG LibriSelfCheckoutPOS.App - 2
2022-05-30 13:46:05,457 [1] DEBUG LibriSelfCheckoutPOS.App - 2Delete
2022-05-30 13:46:08,044 [1] DEBUG LibriSelfCheckoutPOS.App - 
2022-05-30 13:46:08,800 [1] DEBUG LibriSelfCheckoutPOS.App - 2
2022-05-30 13:46:09,427 [1] DEBUG LibriSelfCheckoutPOS.App - 41275: 73354;2;;MIESKO 1DB KAVE;0;0;0;69;0;0;0;0;0;0;0
2022-05-30 13:46:09,429 [1] DEBUG LibriSelfCheckoutPOS.App - {MIESKO 1DB KAVE, 73354, 596910}
2022-05-30 13:46:09,434 [1] DEBUG LibriSelfCheckoutPOS.App - 
2022-05-30 13:46:10,239 [1] DEBUG LibriSelfCheckoutPOS.App - 3
2022-05-30 13:46:10,432 [1] DEBUG LibriSelfCheckoutPOS.App - 38628: 70706;3;;TOJAS 1 30-DB-OS "L";0;0;0;47;0;0;0;0;0;0;0
2022-05-30 13:46:10,432 [1] DEBUG LibriSelfCheckoutPOS.App - {MIESKO 1DB KAVE, 73354, 596910, TOJAS 1 30-DB-OS "L", 70706, 374710}
2022-05-30 13:46:10,437 [1] DEBUG LibriSelfCheckoutPOS.App - 
2022-05-30 13:46:10,799 [1] DEBUG LibriSelfCheckoutPOS.App - 4
2022-05-30 13:46:10,996 [1] DEBUG LibriSelfCheckoutPOS.App - 
2022-05-30 13:46:11,311 [1] DEBUG LibriSelfCheckoutPOS.App - 1
2022-05-30 13:46:11,566 [1] DEBUG LibriSelfCheckoutPOS.App - 38629: 70707;1;;TOJAS 10 DB-OS;0;0;0;470;0;0;0;0;0;0;0
2022-05-30 13:46:11,567 [1] DEBUG LibriSelfCheckoutPOS.App - {MIESKO 1DB KAVE, 73354, 596910, TOJAS 1 30-DB-OS "L", 70706, 374710, TOJAS 10 DB-OS, 70707, 46047010}
2022-05-30 13:46:11,571 [1] DEBUG LibriSelfCheckoutPOS.App - 
2022-05-30 13:46:12,031 [1] DEBUG LibriSelfCheckoutPOS.App - 1
2022-05-30 13:46:12,240 [1] DEBUG LibriSelfCheckoutPOS.App - 38629: 70707;1;;TOJAS 10 DB-OS;0;0;0;470;0;0;0;0;0;0;0
2022-05-30 13:46:12,240 [1] DEBUG LibriSelfCheckoutPOS.App - {MIESKO 1DB KAVE, 73354, 596910, TOJAS 1 30-DB-OS "L", 70706, 374710, TOJAS 10 DB-OS, 70707, 46047010, TOJAS 10 DB-OS, 70707, 46047010}
2022-05-30 13:46:12,244 [1] DEBUG LibriSelfCheckoutPOS.App - 
2022-05-30 13:46:12,655 [1] DEBUG LibriSelfCheckoutPOS.App - 1
2022-05-30 13:46:12,849 [1] DEBUG LibriSelfCheckoutPOS.App - 38629: 70707;1;;TOJAS 10 DB-OS;0;0;0;470;0;0;0;0;0;0;0
2022-05-30 13:46:12,849 [1] DEBUG LibriSelfCheckoutPOS.App - {MIESKO 1DB KAVE, 73354, 596910, TOJAS 1 30-DB-OS "L", 70706, 374710, TOJAS 10 DB-OS, 70707, 46047010, TOJAS 10 DB-OS, 70707, 46047010, TOJAS 10 DB-OS, 70707, 46047010}
2022-05-30 13:46:12,853 [1] DEBUG LibriSelfCheckoutPOS.App - 
2022-05-30 13:46:13,103 [1] DEBUG LibriSelfCheckoutPOS.App - 1
2022-05-30 13:46:13,247 [1] DEBUG LibriSelfCheckoutPOS.App - 38629: 70707;1;;TOJAS 10 DB-OS;0;0;0;470;0;0;0;0;0;0;0
2022-05-30 13:46:13,247 [1] DEBUG LibriSelfCheckoutPOS.App - {MIESKO 1DB KAVE, 73354, 596910, TOJAS 1 30-DB-OS "L", 70706, 374710, TOJAS 10 DB-OS, 70707, 46047010, TOJAS 10 DB-OS, 70707, 46047010, TOJAS 10 DB-OS, 70707, 46047010, TOJAS 10 DB-OS, 70707, 46047010}
2022-05-30 13:46:13,252 [1] DEBUG LibriSelfCheckoutPOS.App - 
2022-05-30 13:46:13,744 [1] DEBUG LibriSelfCheckoutPOS.App - System
2022-05-30 13:46:13,857 [1] DEBUG LibriSelfCheckoutPOS.App - SystemSystem
2022-05-30 13:48:32,202 [1] DEBUG LibriSelfCheckoutPOS.App - Initialising ...
2022-05-30 13:48:34,480 [1] DEBUG LibriSelfCheckoutPOS.App - 2
2022-05-30 13:48:34,605 [1] DEBUG LibriSelfCheckoutPOS.App - 41275: 73354;2;;MIESKO 1DB KAVE;0;0;0;69;0;0;0;0;0;0;0
2022-05-30 13:48:34,606 [1] DEBUG LibriSelfCheckoutPOS.App - {MIESKO 1DB KAVE, 73354, 596910}
2022-05-30 13:48:34,612 [1] DEBUG LibriSelfCheckoutPOS.App - 
2022-05-30 13:48:35,054 [1] DEBUG LibriSelfCheckoutPOS.App - 1
2022-05-30 13:48:35,170 [1] DEBUG LibriSelfCheckoutPOS.App - 38629: 70707;1;;TOJAS 10 DB-OS;0;0;0;470;0;0;0;0;0;0;0
2022-05-30 13:48:35,170 [1] DEBUG LibriSelfCheckoutPOS.App - {MIESKO 1DB KAVE, 73354, 596910, TOJAS 10 DB-OS, 70707, 46047010}
2022-05-30 13:48:35,175 [1] DEBUG LibriSelfCheckoutPOS.App - 
2022-05-30 13:48:35,614 [1] DEBUG LibriSelfCheckoutPOS.App - 1
2022-05-30 13:48:35,776 [1] DEBUG LibriSelfCheckoutPOS.App - 38629: 70707;1;;TOJAS 10 DB-OS;0;0;0;470;0;0;0;0;0;0;0
2022-05-30 13:48:35,777 [1] DEBUG LibriSelfCheckoutPOS.App - {MIESKO 1DB KAVE, 73354, 596910, TOJAS 10 DB-OS, 70707, 46047010, TOJAS 10 DB-OS, 70707, 46047010}
2022-05-30 13:48:35,782 [1] DEBUG LibriSelfCheckoutPOS.App - 
2022-05-30 13:48:36,142 [1] DEBUG LibriSelfCheckoutPOS.App - 1
2022-05-30 13:48:36,320 [1] DEBUG LibriSelfCheckoutPOS.App - 38629: 70707;1;;TOJAS 10 DB-OS;0;0;0;470;0;0;0;0;0;0;0
2022-05-30 13:48:36,321 [1] DEBUG LibriSelfCheckoutPOS.App - {MIESKO 1DB KAVE, 73354, 596910, TOJAS 10 DB-OS, 70707, 46047010, TOJAS 10 DB-OS, 70707, 46047010, TOJAS 10 DB-OS, 70707, 46047010}
2022-05-30 13:48:36,325 [1] DEBUG LibriSelfCheckoutPOS.App - 
2022-05-30 13:48:36,943 [1] DEBUG LibriSelfCheckoutPOS.App - 5
2022-05-30 13:48:39,012 [1] DEBUG LibriSelfCheckoutPOS.App - 
2022-05-30 13:48:39,439 [1] DEBUG LibriSelfCheckoutPOS.App - 6
2022-05-30 13:48:41,111 [1] DEBUG LibriSelfCheckoutPOS.App - 
2022-05-30 13:48:41,359 [1] DEBUG LibriSelfCheckoutPOS.App - 1
2022-05-30 13:48:41,683 [1] DEBUG LibriSelfCheckoutPOS.App - 38629: 70707;1;;TOJAS 10 DB-OS;0;0;0;470;0;0;0;0;0;0;0
2022-05-30 13:48:41,683 [1] DEBUG LibriSelfCheckoutPOS.App - {MIESKO 1DB KAVE, 73354, 596910, TOJAS 10 DB-OS, 70707, 46047010, TOJAS 10 DB-OS, 70707, 46047010, TOJAS 10 DB-OS, 70707, 46047010, TOJAS 10 DB-OS, 70707, 46047010}
2022-05-30 13:48:41,688 [1] DEBUG LibriSelfCheckoutPOS.App - 
2022-05-30 13:48:42,031 [1] DEBUG LibriSelfCheckoutPOS.App - 1
2022-05-30 13:48:42,143 [1] DEBUG LibriSelfCheckoutPOS.App - 38629: 70707;1;;TOJAS 10 DB-OS;0;0;0;470;0;0;0;0;0;0;0
2022-05-30 13:48:42,143 [1] DEBUG LibriSelfCheckoutPOS.App - {MIESKO 1DB KAVE, 73354, 596910, TOJAS 10 DB-OS, 70707, 46047010, TOJAS 10 DB-OS, 70707, 46047010, TOJAS 10 DB-OS, 70707, 46047010, TOJAS 10 DB-OS, 70707, 46047010, TOJAS 10 DB-OS, 70707, 46047010}
2022-05-30 13:48:42,148 [1] DEBUG LibriSelfCheckoutPOS.App - 
2022-05-30 13:48:42,383 [1] DEBUG LibriSelfCheckoutPOS.App - 1
2022-05-30 13:48:42,528 [1] DEBUG LibriSelfCheckoutPOS.App - 38629: 70707;1;;TOJAS 10 DB-OS;0;0;0;470;0;0;0;0;0;0;0
2022-05-30 13:48:42,528 [1] DEBUG LibriSelfCheckoutPOS.App - {MIESKO 1DB KAVE, 73354, 596910, TOJAS 10 DB-OS, 70707, 46047010, TOJAS 10 DB-OS, 70707, 46047010, TOJAS 10 DB-OS, 70707, 46047010, TOJAS 10 DB-OS, 70707, 46047010, TOJAS 10 DB-OS, 70707, 46047010, TOJAS 10 DB-OS, 70707, 46047010}
2022-05-30 13:48:42,532 [1] DEBUG LibriSelfCheckoutPOS.App - 
2022-05-30 13:48:42,783 [1] DEBUG LibriSelfCheckoutPOS.App - 1
2022-05-30 13:48:42,927 [1] DEBUG LibriSelfCheckoutPOS.App - 38629: 70707;1;;TOJAS 10 DB-OS;0;0;0;470;0;0;0;0;0;0;0
2022-05-30 13:48:42,927 [1] DEBUG LibriSelfCheckoutPOS.App - {MIESKO 1DB KAVE, 73354, 596910, TOJAS 10 DB-OS, 70707, 46047010, TOJAS 10 DB-OS, 70707, 46047010, TOJAS 10 DB-OS, 70707, 46047010, TOJAS 10 DB-OS, 70707, 46047010, TOJAS 10 DB-OS, 70707, 46047010, TOJAS 10 DB-OS, 70707, 46047010, TOJAS 10 DB-OS, 70707, 46047010}
2022-05-30 13:48:42,931 [1] DEBUG LibriSelfCheckoutPOS.App - 
2022-05-30 13:48:43,168 [1] DEBUG LibriSelfCheckoutPOS.App - 1
2022-05-30 13:48:43,296 [1] DEBUG LibriSelfCheckoutPOS.App - 38629: 70707;1;;TOJAS 10 DB-OS;0;0;0;470;0;0;0;0;0;0;0
2022-05-30 13:48:43,297 [1] DEBUG LibriSelfCheckoutPOS.App - {MIESKO 1DB KAVE, 73354, 596910, TOJAS 10 DB-OS, 70707, 46047010, TOJAS 10 DB-OS, 70707, 46047010, TOJAS 10 DB-OS, 70707, 46047010, TOJAS 10 DB-OS, 70707, 46047010, TOJAS 10 DB-OS, 70707, 46047010, TOJAS 10 DB-OS, 70707, 46047010, TOJAS 10 DB-OS, 70707, 46047010, TOJAS 10 DB-OS, 70707, 46047010}
2022-05-30 13:48:43,301 [1] DEBUG LibriSelfCheckoutPOS.App - 
2022-05-30 13:48:43,567 [1] DEBUG LibriSelfCheckoutPOS.App - 1
2022-05-30 13:48:43,695 [1] DEBUG LibriSelfCheckoutPOS.App - 38629: 70707;1;;TOJAS 10 DB-OS;0;0;0;470;0;0;0;0;0;0;0
2022-05-30 13:48:43,695 [1] DEBUG LibriSelfCheckoutPOS.App - {MIESKO 1DB KAVE, 73354, 596910, TOJAS 10 DB-OS, 70707, 46047010, TOJAS 10 DB-OS, 70707, 46047010, TOJAS 10 DB-OS, 70707, 46047010, TOJAS 10 DB-OS, 70707, 46047010, TOJAS 10 DB-OS, 70707, 46047010, TOJAS 10 DB-OS, 70707, 46047010, TOJAS 10 DB-OS, 70707, 46047010, TOJAS 10 DB-OS, 70707, 46047010, TOJAS 10 DB-OS, 70707, 46047010}
2022-05-30 13:48:43,700 [1] DEBUG LibriSelfCheckoutPOS.App - 
2022-05-30 13:48:50,191 [1] DEBUG LibriSelfCheckoutPOS.App - System
2022-05-30 13:48:50,255 [1] DEBUG LibriSelfCheckoutPOS.App - SystemSystem
2022-05-30 13:51:23,200 [1] DEBUG LibriSelfCheckoutPOS.App - Initialising ...
2022-05-30 13:51:26,359 [1] DEBUG LibriSelfCheckoutPOS.App - 6
2022-05-30 13:51:33,303 [1] DEBUG LibriSelfCheckoutPOS.App - 
2022-05-30 13:51:34,719 [1] DEBUG LibriSelfCheckoutPOS.App - System
2022-05-30 13:51:34,799 [1] DEBUG LibriSelfCheckoutPOS.App - SystemSystem
2022-05-30 13:52:17,513 [1] DEBUG LibriSelfCheckoutPOS.App - Initialising ...
2022-05-30 13:52:21,215 [1] DEBUG LibriSelfCheckoutPOS.App - 7
2022-05-30 13:52:21,318 [1] DEBUG LibriSelfCheckoutPOS.App - 38721: 70799;7;;FAGYASZTOTT APRITOTT BAROMFIHUS 1KG;0;0;0;599;0;0;0;0;0;0;0
2022-05-30 13:52:21,319 [1] DEBUG LibriSelfCheckoutPOS.App - {FAGYASZTOTT APRITOTT BAROMFIHUS 1KG, 70799, 58959910}
2022-05-30 13:52:21,326 [1] DEBUG LibriSelfCheckoutPOS.App - 
2022-05-30 13:52:22,334 [1] DEBUG LibriSelfCheckoutPOS.App - 6
2022-05-30 13:52:30,122 [1] DEBUG LibriSelfCheckoutPOS.App - 
2022-05-30 13:52:31,390 [1] DEBUG LibriSelfCheckoutPOS.App - System
2022-05-30 13:52:31,454 [1] DEBUG LibriSelfCheckoutPOS.App - SystemSystem
2022-05-30 13:53:11,722 [1] DEBUG LibriSelfCheckoutPOS.App - Initialising ...
2022-05-30 13:53:13,997 [1] DEBUG LibriSelfCheckoutPOS.App - 6
2022-05-30 13:53:23,341 [1] DEBUG LibriSelfCheckoutPOS.App - 
2022-05-30 13:53:24,716 [1] DEBUG LibriSelfCheckoutPOS.App - System
2022-05-30 13:53:24,780 [1] DEBUG LibriSelfCheckoutPOS.App - SystemSystem
2022-05-30 13:55:02,240 [1] DEBUG LibriSelfCheckoutPOS.App - Initialising ...
2022-05-30 13:55:04,416 [1] DEBUG LibriSelfCheckoutPOS.App - 6
2022-05-30 13:55:14,619 [1] DEBUG LibriSelfCheckoutPOS.App - 
2022-05-30 13:55:16,010 [1] DEBUG LibriSelfCheckoutPOS.App - System
2022-05-30 13:55:16,088 [1] DEBUG LibriSelfCheckoutPOS.App - SystemSystem
2022-05-30 13:55:37,249 [1] DEBUG LibriSelfCheckoutPOS.App - Initialising ...
2022-05-30 13:55:43,290 [1] DEBUG LibriSelfCheckoutPOS.App - 6
2022-05-30 13:55:52,089 [1] DEBUG LibriSelfCheckoutPOS.App - 
2022-05-30 13:55:53,494 [1] DEBUG LibriSelfCheckoutPOS.App - System
2022-05-30 13:55:53,575 [1] DEBUG LibriSelfCheckoutPOS.App - SystemSystem
2022-05-30 14:13:30,127 [1] DEBUG LibriSelfCheckoutPOS.App - Initialising ...
2022-05-30 14:13:35,211 [1] DEBUG LibriSelfCheckoutPOS.App - 2
2022-05-30 14:13:36,070 [1] DEBUG LibriSelfCheckoutPOS.App - 22
2022-05-30 14:13:37,302 [1] DEBUG LibriSelfCheckoutPOS.App - 222
2022-05-30 14:13:38,150 [1] DEBUG LibriSelfCheckoutPOS.App - 2222
2022-05-30 14:13:38,918 [1] DEBUG LibriSelfCheckoutPOS.App - 22222
2022-05-30 14:13:39,478 [1] DEBUG LibriSelfCheckoutPOS.App - 222222
2022-05-30 14:13:40,422 [1] DEBUG LibriSelfCheckoutPOS.App - 2222223
2022-05-30 14:13:41,110 [1] DEBUG LibriSelfCheckoutPOS.App - 22222234
2022-05-30 14:13:42,023 [1] DEBUG LibriSelfCheckoutPOS.App - 222222341
2022-05-30 14:13:42,646 [1] DEBUG LibriSelfCheckoutPOS.App - 222222341D
2022-05-30 14:13:43,222 [1] DEBUG LibriSelfCheckoutPOS.App - 222222341DE
2022-05-30 14:13:43,719 [1] DEBUG LibriSelfCheckoutPOS.App - 222222341DEE
2022-05-30 14:13:44,598 [1] DEBUG LibriSelfCheckoutPOS.App - 222222341DEEW
2022-05-30 14:13:46,374 [1] DEBUG LibriSelfCheckoutPOS.App - 222222341DEEW2
2022-05-30 14:13:48,262 [1] DEBUG LibriSelfCheckoutPOS.App - 222222341DEEW22
2022-05-30 14:13:49,350 [1] DEBUG LibriSelfCheckoutPOS.App - 222222341DEEW223
2022-05-30 14:13:49,830 [1] DEBUG LibriSelfCheckoutPOS.App - 222222341DEEW2234
2022-05-30 14:13:50,534 [1] DEBUG LibriSelfCheckoutPOS.App - 222222341DEEW22341
2022-05-30 14:13:51,462 [1] DEBUG LibriSelfCheckoutPOS.App - 222222341DEEW223412
2022-05-30 14:13:52,774 [1] DEBUG LibriSelfCheckoutPOS.App - 222222341DEEW2234122
2022-05-30 14:13:53,686 [1] DEBUG LibriSelfCheckoutPOS.App - 222222341DEEW22341223
2022-05-30 14:13:54,550 [1] DEBUG LibriSelfCheckoutPOS.App - 222222341DEEW223412234
2022-05-30 14:13:55,351 [1] DEBUG LibriSelfCheckoutPOS.App - 222222341DEEW223412234System
2022-05-30 14:13:55,494 [1] DEBUG LibriSelfCheckoutPOS.App - 222222341DEEW223412234SystemSystem
2022-05-30 14:14:09,306 [1] DEBUG LibriSelfCheckoutPOS.App - Initialising ...
2022-05-30 14:14:13,624 [1] DEBUG LibriSelfCheckoutPOS.App - 3
2022-05-30 14:14:13,733 [1] DEBUG LibriSelfCheckoutPOS.App - 38628: 70706;3;;TOJAS 1 30-DB-OS "L";0;0;0;47;0;0;0;0;0;0;0
2022-05-30 14:14:13,735 [1] DEBUG LibriSelfCheckoutPOS.App - {TOJAS 1 30-DB-OS "L", 70706, 374710}
2022-05-30 14:14:13,741 [1] DEBUG LibriSelfCheckoutPOS.App - 
2022-05-30 14:14:14,358 [1] DEBUG LibriSelfCheckoutPOS.App - 2
2022-05-30 14:14:14,665 [1] DEBUG LibriSelfCheckoutPOS.App - 41275: 73354;2;;MIESKO 1DB KAVE;0;0;0;69;0;0;0;0;0;0;0
2022-05-30 14:14:14,665 [1] DEBUG LibriSelfCheckoutPOS.App - {TOJAS 1 30-DB-OS "L", 70706, 374710, MIESKO 1DB KAVE, 73354, 596910}
2022-05-30 14:14:14,669 [1] DEBUG LibriSelfCheckoutPOS.App - 
2022-05-30 14:14:16,166 [1] DEBUG LibriSelfCheckoutPOS.App - 4
2022-05-30 14:14:21,846 [1] DEBUG LibriSelfCheckoutPOS.App - 42
2022-05-30 14:14:28,998 [1] DEBUG LibriSelfCheckoutPOS.App - 423
2022-05-30 14:14:29,654 [1] DEBUG LibriSelfCheckoutPOS.App - 4233
2022-05-30 14:14:30,117 [1] DEBUG LibriSelfCheckoutPOS.App - 42332
2022-05-30 14:14:30,773 [1] DEBUG LibriSelfCheckoutPOS.App - 423323
2022-05-30 14:14:35,654 [1] DEBUG LibriSelfCheckoutPOS.App - 4233233
2022-05-30 14:14:36,357 [1] DEBUG LibriSelfCheckoutPOS.App - 42332334
2022-05-30 14:14:37,350 [1] DEBUG LibriSelfCheckoutPOS.App - 42332334System
2022-05-30 14:14:37,414 [1] DEBUG LibriSelfCheckoutPOS.App - 42332334SystemSystem
2022-05-30 14:17:13,243 [1] DEBUG LibriSelfCheckoutPOS.App - Initialising ...
2022-05-30 14:17:15,766 [1] DEBUG LibriSelfCheckoutPOS.App - 2
2022-05-30 14:17:15,887 [1] DEBUG LibriSelfCheckoutPOS.App - 41275: 73354;2;;MIESKO 1DB KAVE;0;0;0;69;0;0;0;0;0;0;0
2022-05-30 14:17:15,888 [1] DEBUG LibriSelfCheckoutPOS.App - {MIESKO 1DB KAVE, 73354, 596910}
2022-05-30 14:17:15,894 [1] DEBUG LibriSelfCheckoutPOS.App - 
2022-05-30 14:17:16,612 [1] DEBUG LibriSelfCheckoutPOS.App - 3
2022-05-30 14:17:16,904 [1] DEBUG LibriSelfCheckoutPOS.App - 38628: 70706;3;;TOJAS 1 30-DB-OS "L";0;0;0;47;0;0;0;0;0;0;0
2022-05-30 14:17:16,904 [1] DEBUG LibriSelfCheckoutPOS.App - {MIESKO 1DB KAVE, 73354, 596910, TOJAS 1 30-DB-OS "L", 70706, 374710}
2022-05-30 14:17:16,909 [1] DEBUG LibriSelfCheckoutPOS.App - 
2022-05-30 14:17:17,412 [1] DEBUG LibriSelfCheckoutPOS.App - 4
2022-05-30 14:17:20,793 [1] DEBUG LibriSelfCheckoutPOS.App - 
2022-05-30 14:17:21,541 [1] DEBUG LibriSelfCheckoutPOS.App - 5
2022-05-30 14:17:24,060 [1] DEBUG LibriSelfCheckoutPOS.App - 
2022-05-30 14:17:30,263 [1] DEBUG LibriSelfCheckoutPOS.App - Initialising ...
2022-05-30 14:17:40,324 [1] DEBUG LibriSelfCheckoutPOS.App - 2
2022-05-30 14:17:40,575 [1] DEBUG LibriSelfCheckoutPOS.App - 41275: 73354;2;;MIESKO 1DB KAVE;0;0;0;69;0;0;0;0;0;0;0
2022-05-30 14:17:40,577 [1] DEBUG LibriSelfCheckoutPOS.App - {MIESKO 1DB KAVE, 73354, 596910}
2022-05-30 14:17:40,583 [1] DEBUG LibriSelfCheckoutPOS.App - 
2022-05-30 14:17:41,507 [1] DEBUG LibriSelfCheckoutPOS.App - 3
2022-05-30 14:17:41,781 [1] DEBUG LibriSelfCheckoutPOS.App - 38628: 70706;3;;TOJAS 1 30-DB-OS "L";0;0;0;47;0;0;0;0;0;0;0
2022-05-30 14:17:41,781 [1] DEBUG LibriSelfCheckoutPOS.App - {MIESKO 1DB KAVE, 73354, 596910, TOJAS 1 30-DB-OS "L", 70706, 374710}
2022-05-30 14:17:41,786 [1] DEBUG LibriSelfCheckoutPOS.App - 
2022-05-30 14:17:46,259 [1] DEBUG LibriSelfCheckoutPOS.App - 8
2022-05-30 14:17:52,564 [1] DEBUG LibriSelfCheckoutPOS.App - 8System
2022-05-30 14:17:52,628 [1] DEBUG LibriSelfCheckoutPOS.App - 8SystemSystem
2022-05-30 14:18:17,903 [1] DEBUG LibriSelfCheckoutPOS.App - Initialising ...
2022-05-30 14:18:20,933 [1] DEBUG LibriSelfCheckoutPOS.App - 6
2022-05-30 14:18:20,933 [1] DEBUG LibriSelfCheckoutPOS.App - 66
2022-05-30 14:18:21,571 [1] DEBUG LibriSelfCheckoutPOS.App - 665
2022-05-30 14:18:21,571 [1] DEBUG LibriSelfCheckoutPOS.App - 6655
2022-05-30 14:18:26,131 [1] DEBUG LibriSelfCheckoutPOS.App - 66553
2022-05-30 14:18:26,131 [1] DEBUG LibriSelfCheckoutPOS.App - 665533
2022-05-30 14:18:28,003 [1] DEBUG LibriSelfCheckoutPOS.App - 6655332
2022-05-30 14:18:28,004 [1] DEBUG LibriSelfCheckoutPOS.App - 66553322
2022-05-30 14:18:28,819 [1] DEBUG LibriSelfCheckoutPOS.App - 665533222
2022-05-30 14:18:28,820 [1] DEBUG LibriSelfCheckoutPOS.App - 6655332222
2022-05-30 14:18:30,195 [1] DEBUG LibriSelfCheckoutPOS.App - 66553322221
2022-05-30 14:18:30,195 [1] DEBUG LibriSelfCheckoutPOS.App - 665533222211
2022-05-30 14:18:31,091 [1] DEBUG LibriSelfCheckoutPOS.App - 6655332222110
2022-05-30 14:18:31,091 [1] DEBUG LibriSelfCheckoutPOS.App - 66553322221100
2022-05-30 14:18:31,827 [1] DEBUG LibriSelfCheckoutPOS.App - 66553322221100S
2022-05-30 14:18:31,827 [1] DEBUG LibriSelfCheckoutPOS.App - 66553322221100SS
2022-05-30 14:18:32,467 [1] DEBUG LibriSelfCheckoutPOS.App - 66553322221100SSD
2022-05-30 14:18:32,467 [1] DEBUG LibriSelfCheckoutPOS.App - 66553322221100SSDD
2022-05-30 14:18:33,027 [1] DEBUG LibriSelfCheckoutPOS.App - 66553322221100SSDDE
2022-05-30 14:18:33,027 [1] DEBUG LibriSelfCheckoutPOS.App - 66553322221100SSDDEE
2022-05-30 14:18:33,475 [1] DEBUG LibriSelfCheckoutPOS.App - 66553322221100SSDDEEW
2022-05-30 14:18:33,476 [1] DEBUG LibriSelfCheckoutPOS.App - 66553322221100SSDDEEWW
2022-05-30 14:18:34,516 [1] DEBUG LibriSelfCheckoutPOS.App - 66553322221100SSDDEEWWW
2022-05-30 14:18:34,516 [1] DEBUG LibriSelfCheckoutPOS.App - 66553322221100SSDDEEWWWW
2022-05-30 14:18:37,347 [1] DEBUG LibriSelfCheckoutPOS.App - 66553322221100SSDDEEWWWWSystem
2022-05-30 14:18:37,347 [1] DEBUG LibriSelfCheckoutPOS.App - 66553322221100SSDDEEWWWWSystemSystem
2022-05-30 14:18:37,427 [1] DEBUG LibriSelfCheckoutPOS.App - 66553322221100SSDDEEWWWWSystemSystemSystem
2022-05-30 14:18:37,427 [1] DEBUG LibriSelfCheckoutPOS.App - 66553322221100SSDDEEWWWWSystemSystemSystemSystem
2022-05-30 14:23:07,615 [1] DEBUG LibriSelfCheckoutPOS.App - Initialising ...
2022-05-30 14:23:17,717 [1] DEBUG LibriSelfCheckoutPOS.App - 5
2022-05-30 14:23:19,148 [1] DEBUG LibriSelfCheckoutPOS.App - 
2022-05-30 14:23:19,393 [1] DEBUG LibriSelfCheckoutPOS.App - 2
2022-05-30 14:23:19,624 [1] DEBUG LibriSelfCheckoutPOS.App - 41275: 73354;2;;MIESKO 1DB KAVE;0;0;0;69;0;0;0;0;0;0;0
2022-05-30 14:23:19,625 [1] DEBUG LibriSelfCheckoutPOS.App - {MIESKO 1DB KAVE, 73354, 596910}
2022-05-30 14:23:19,630 [1] DEBUG LibriSelfCheckoutPOS.App - 
2022-05-30 14:23:20,114 [1] DEBUG LibriSelfCheckoutPOS.App - 3
2022-05-30 14:23:20,243 [1] DEBUG LibriSelfCheckoutPOS.App - 38628: 70706;3;;TOJAS 1 30-DB-OS "L";0;0;0;47;0;0;0;0;0;0;0
2022-05-30 14:23:20,243 [1] DEBUG LibriSelfCheckoutPOS.App - {MIESKO 1DB KAVE, 73354, 596910, TOJAS 1 30-DB-OS "L", 70706, 374710}
2022-05-30 14:23:20,247 [1] DEBUG LibriSelfCheckoutPOS.App - 
2022-05-30 14:23:20,818 [1] DEBUG LibriSelfCheckoutPOS.App - 2
2022-05-30 14:23:20,966 [1] DEBUG LibriSelfCheckoutPOS.App - 41275: 73354;2;;MIESKO 1DB KAVE;0;0;0;69;0;0;0;0;0;0;0
2022-05-30 14:23:20,966 [1] DEBUG LibriSelfCheckoutPOS.App - {MIESKO 1DB KAVE, 73354, 596910, TOJAS 1 30-DB-OS "L", 70706, 374710, MIESKO 1DB KAVE, 73354, 596910}
2022-05-30 14:23:20,970 [1] DEBUG LibriSelfCheckoutPOS.App - 
2022-05-30 14:23:21,236 [1] DEBUG LibriSelfCheckoutPOS.App - 3
2022-05-30 14:23:21,320 [1] DEBUG LibriSelfCheckoutPOS.App - 38628: 70706;3;;TOJAS 1 30-DB-OS "L";0;0;0;47;0;0;0;0;0;0;0
2022-05-30 14:23:21,320 [1] DEBUG LibriSelfCheckoutPOS.App - {MIESKO 1DB KAVE, 73354, 596910, TOJAS 1 30-DB-OS "L", 70706, 374710, MIESKO 1DB KAVE, 73354, 596910, TOJAS 1 30-DB-OS "L", 70706, 374710}
2022-05-30 14:23:21,330 [1] DEBUG LibriSelfCheckoutPOS.App - 
2022-05-30 14:23:21,907 [1] DEBUG LibriSelfCheckoutPOS.App - 4
2022-05-30 14:23:22,664 [1] DEBUG LibriSelfCheckoutPOS.App - 
2022-05-30 14:23:27,827 [1] DEBUG LibriSelfCheckoutPOS.App - System
2022-05-30 14:23:27,906 [1] DEBUG LibriSelfCheckoutPOS.App - SystemSystem
2022-05-30 14:27:00,153 [1] DEBUG LibriSelfCheckoutPOS.App - Initialising ...
2022-05-30 14:27:05,590 [1] DEBUG LibriSelfCheckoutPOS.App - 6
2022-05-30 14:27:07,236 [1] DEBUG LibriSelfCheckoutPOS.App - 
2022-05-30 14:27:20,365 [1] DEBUG LibriSelfCheckoutPOS.App - System
2022-05-30 14:27:20,557 [1] DEBUG LibriSelfCheckoutPOS.App - SystemSystem
